<?xml version="1.0" encoding="UTF-8"?>
<testng-results ignored="0" total="1" passed="1" failed="0" skipped="0">
  <reporter-output>
  </reporter-output>
  <suite started-at="2025-01-24T16:34:55 IST" name="Suite" finished-at="2025-01-24T16:38:30 IST" duration-ms="214492">
    <groups>
    </groups>
    <test started-at="2025-01-24T16:34:55 IST" name="Test" finished-at="2025-01-24T16:38:30 IST" duration-ms="214492">
      <class name="TestCases.Tc_005PaymentTest">
        <test-method is-config="true" signature="setup(java.lang.String)[pri:0, instance:TestCases.Tc_005PaymentTest@625732]" started-at="2025-01-24T16:34:56 IST" name="setup" finished-at="2025-01-24T16:35:03 IST" duration-ms="7215" status="PASS">
          <params>
            <param index="0">
              <value>
                <![CDATA[chrome]]>
              </value>
            </param>
          </params>
          <reporter-output>
          </reporter-output>
        </test-method> <!-- setup -->
        <test-method signature="end_to_end_Test()[pri:0, instance:TestCases.Tc_005PaymentTest@625732]" started-at="2025-01-24T16:35:03 IST" name="end_to_end_Test" finished-at="2025-01-24T16:38:29 IST" duration-ms="205902" status="PASS">
          <reporter-output>
          </reporter-output>
        </test-method> <!-- end_to_end_Test -->
        <test-method is-config="true" signature="tearDown()[pri:0, instance:TestCases.Tc_005PaymentTest@625732]" started-at="2025-01-24T16:38:29 IST" name="tearDown" finished-at="2025-01-24T16:38:30 IST" duration-ms="1004" status="PASS">
          <reporter-output>
          </reporter-output>
        </test-method> <!-- tearDown -->
      </class> <!-- TestCases.Tc_005PaymentTest -->
    </test> <!-- Test -->
  </suite> <!-- Suite -->
</testng-results>
